<?xml version="1.0" encoding="UTF-8"?>
<!-- Generated by org.testng.reporters.JUnitReportReporter -->
<testsuite hostname="Divya" failures="0" tests="2" name="com.dhtmlgoodies.qa.pages.test.iGoogleLikeDragDropTest" time="3.534" errors="0" timestamp="2023-08-02T14:37:23 EDT" skipped="0">
  <testcase classname="com.dhtmlgoodies.qa.pages.test.iGoogleLikeDragDropTest" name="verifyDragDrop2" time="3.260"/>
  <system-out/>
  <testcase classname="com.dhtmlgoodies.qa.pages.test.iGoogleLikeDragDropTest" name="verifyDragDrop1" time="0.274"/>
  <system-out/>
</testsuite> <!-- com.dhtmlgoodies.qa.pages.test.iGoogleLikeDragDropTest -->
