<?xml version="1.0" encoding="UTF-8"?>
<!-- Generated by org.testng.reporters.JUnitReportReporter -->
<testsuite hostname="Divya" failures="0" tests="1" name="com.demo.seleniumeasy.qa.pages.test.InputFormDemoPageTest" time="6.699" errors="0" timestamp="2023-08-01T16:31:45 EDT" skipped="0">
  <testcase classname="com.demo.seleniumeasy.qa.pages.test.InputFormDemoPageTest" name="verifyInputFormDemo" time="6.699"/>
  <system-out/>
</testsuite> <!-- com.demo.seleniumeasy.qa.pages.test.InputFormDemoPageTest -->
