<?xml version="1.0" encoding="UTF-8"?>
<!-- Generated by org.testng.reporters.JUnitReportReporter -->
<testsuite hostname="Divya" failures="0" tests="1" name="com.aighospitals.com.pages.test.AIGHospitalsTest" time="13.540" errors="0" timestamp="2023-08-02T14:33:54 EDT" skipped="0">
  <testcase classname="com.aighospitals.com.pages.test.AIGHospitalsTest" name="verifyOverview" time="13.540"/>
  <system-out/>
</testsuite> <!-- com.aighospitals.com.pages.test.AIGHospitalsTest -->
